FPS:  0
iteration: 1
FPS:  0
iteration: 2
FPS:  2
iteration: 3
FPS:  2
iteration: 4
FPS:  1
iteration: 5
FPS:  1
iteration: 6
FPS:  2
iteration: 7
FPS:  2
iteration: 8
FPS:  2
iteration: 9
FPS:  2
iteration: 10
FPS:  1
iteration: 11
FPS:  2
iteration: 12
FPS:  2
iteration: 13
FPS:  2
iteration: 14
FPS:  2
iteration: 15
FPS:  2
iteration: 16
FPS:  2
iteration: 17
FPS:  2
iteration: 18
FPS:  2
iteration: 19
FPS:  2
iteration: 20
FPS:  2
iteration: 21
FPS:  2
iteration: 22
FPS:  2
iteration: 23
FPS:  2
iteration: 24
FPS:  2
iteration: 25
FPS:  2
iteration: 26
FPS:  1
iteration: 27
FPS:  2
iteration: 28
FPS:  2
iteration: 29
FPS:  2
iteration: 30
FPS:  2
iteration: 31
FPS:  2
iteration: 32
FPS:  2
iteration: 33
FPS:  2
iteration: 34
FPS:  2
iteration: 35
FPS:  2
iteration: 36
FPS:  2
iteration: 37
FPS:  2
iteration: 38
FPS:  2
iteration: 39
FPS:  2
iteration: 40
FPS:  2
iteration: 41
FPS:  2
iteration: 42
FPS:  2
iteration: 43
FPS:  2
iteration: 44
FPS:  2
iteration: 45
FPS:  2
iteration: 46
FPS:  2
iteration: 47
FPS:  2
iteration: 48
FPS:  1
iteration: 49
FPS:  2
iteration: 50
FPS:  2
iteration: 51
FPS:  2
iteration: 52
FPS:  2
iteration: 53
FPS:  2
iteration: 54
FPS:  2
iteration: 55
FPS:  2
iteration: 56
FPS:  2
iteration: 57
FPS:  2
iteration: 58
FPS:  2
iteration: 59
FPS:  2
iteration: 60
FPS:  2
iteration: 61
FPS:  2
iteration: 62
FPS:  2
iteration: 63
FPS:  2
iteration: 64
FPS:  2
iteration: 65
FPS:  2
iteration: 66
FPS:  2
iteration: 67
FPS:  2
iteration: 68
FPS:  2
iteration: 69
FPS:  1
iteration: 70
FPS:  2
iteration: 71
FPS:  2
iteration: 72
FPS:  2
iteration: 73
FPS:  2
iteration: 74
FPS:  2
iteration: 75
FPS:  2
iteration: 76
FPS:  2
iteration: 77
FPS:  2
iteration: 78
FPS:  2
iteration: 79
FPS:  2
iteration: 80
FPS:  2
iteration: 81
FPS:  1
iteration: 82
FPS:  1
iteration: 83
FPS:  1
iteration: 84
FPS:  1
iteration: 85
FPS:  2
iteration: 86
FPS:  2
iteration: 87
FPS:  2
iteration: 88
FPS:  2
iteration: 89
FPS:  1
iteration: 90
FPS:  2
iteration: 91
FPS:  2
iteration: 92
FPS:  1
iteration: 93
FPS:  1
iteration: 94
FPS:  2
iteration: 95
FPS:  2
iteration: 96
FPS:  2
iteration: 97
FPS:  2
iteration: 98
FPS:  2
iteration: 99
FPS:  2
iteration: 100
FPS:  2
iteration: 101
FPS:  2
iteration: 102
FPS:  2
iteration: 103
FPS:  2
iteration: 104
FPS:  2
iteration: 105
FPS:  2
iteration: 106
FPS:  1
iteration: 107
FPS:  1
iteration: 108
FPS:  1
iteration: 109
FPS:  1
iteration: 110
FPS:  2
iteration: 111
FPS:  2
iteration: 112
FPS:  1
iteration: 113
FPS:  2
iteration: 114
FPS:  2
iteration: 115
FPS:  2
iteration: 116
FPS:  2
iteration: 117
FPS:  2
iteration: 118
FPS:  2
iteration: 119
FPS:  2
iteration: 120
FPS:  2
iteration: 121
FPS:  2
iteration: 122
FPS:  2
iteration: 123
FPS:  2
iteration: 124
FPS:  2
iteration: 125
FPS:  2
iteration: 126
FPS:  2
iteration: 127
FPS:  2
iteration: 128
FPS:  1
iteration: 129
FPS:  1
iteration: 130
FPS:  1
iteration: 131
FPS:  1
iteration: 132
FPS:  1
iteration: 133
FPS:  2
iteration: 134
FPS:  1
iteration: 135
FPS:  2
iteration: 136
FPS:  1
iteration: 137
FPS:  1
iteration: 138
FPS:  1
iteration: 139
FPS:  1
iteration: 140
FPS:  2
iteration: 141
FPS:  1
iteration: 142
FPS:  2
iteration: 143
FPS:  2
iteration: 144
FPS:  1
iteration: 145
FPS:  1
iteration: 146
FPS:  1
iteration: 147
FPS:  0
iteration: 148
FPS:  0
iteration: 149
FPS:  0
iteration: 150
