FPS: 0
iteration: 1
FPS: 5
iteration: 2
FPS: 5
iteration: 3
FPS: 5
iteration: 4
FPS: 4
iteration: 5
FPS: 5
iteration: 6
FPS: 5
iteration: 7
FPS: 5
iteration: 8
FPS: 5
iteration: 9
FPS: 4
iteration: 10
FPS: 5
iteration: 11
FPS: 5
iteration: 12
FPS: 5
iteration: 13
FPS: 5
iteration: 14
FPS: 5
iteration: 15
FPS: 5
iteration: 16
FPS: 5
iteration: 17
FPS: 5
iteration: 18
FPS: 5
iteration: 19
FPS: 5
iteration: 20
FPS: 5
iteration: 21
FPS: 5
iteration: 22
FPS: 5
iteration: 23
FPS: 5
iteration: 24
FPS: 5
iteration: 25
FPS: 5
iteration: 26
FPS: 5
iteration: 27
FPS: 5
iteration: 28
FPS: 5
iteration: 29
FPS: 5
iteration: 30
FPS: 5
iteration: 31
FPS: 5
iteration: 32
FPS: 5
iteration: 33
FPS: 5
iteration: 34
FPS: 5
iteration: 35
FPS: 5
iteration: 36
FPS: 5
iteration: 37
FPS: 5
iteration: 38
FPS: 5
iteration: 39
FPS: 5
iteration: 40
FPS: 5
iteration: 41
FPS: 5
iteration: 42
FPS: 5
iteration: 43
FPS: 5
iteration: 44
FPS: 5
iteration: 45
FPS: 5
iteration: 46
FPS: 5
iteration: 47
FPS: 5
iteration: 48
FPS: 5
iteration: 49
FPS: 5
iteration: 50
FPS: 5
iteration: 51
FPS: 5
iteration: 52
FPS: 5
iteration: 53
FPS: 5
iteration: 54
FPS: 5
iteration: 55
FPS: 5
iteration: 56
FPS: 5
iteration: 57
FPS: 5
iteration: 58
FPS: 5
iteration: 59
FPS: 5
iteration: 60
FPS: 5
iteration: 61
FPS: 5
iteration: 62
FPS: 4
iteration: 63
FPS: 5
iteration: 64
FPS: 5
iteration: 65
FPS: 5
iteration: 66
FPS: 5
iteration: 67
FPS: 5
iteration: 68
FPS: 5
iteration: 69
FPS: 5
iteration: 70
FPS: 5
iteration: 71
FPS: 5
iteration: 72
FPS: 5
iteration: 73
FPS: 5
iteration: 74
FPS: 5
iteration: 75
FPS: 5
iteration: 76
FPS: 5
iteration: 77
FPS: 5
iteration: 78
FPS: 5
iteration: 79
FPS: 5
iteration: 80
FPS: 5
iteration: 81
FPS: 5
iteration: 82
FPS: 5
iteration: 83
FPS: 5
iteration: 84
FPS: 5
iteration: 85
FPS: 5
iteration: 86
FPS: 5
iteration: 87
FPS: 5
iteration: 88
FPS: 5
iteration: 89
FPS: 5
iteration: 90
FPS: 5
iteration: 91
FPS: 5
iteration: 92
FPS: 5
iteration: 93
FPS: 5
iteration: 94
FPS: 5
iteration: 95
FPS: 5
iteration: 96
FPS: 5
iteration: 97
FPS: 5
iteration: 98
FPS: 5
iteration: 99
FPS: 5
iteration: 100
FPS: 5
iteration: 101
FPS: 5
iteration: 102
FPS: 5
iteration: 103
FPS: 5
iteration: 104
FPS: 5
iteration: 105
FPS: 5
iteration: 106
FPS: 5
iteration: 107
FPS: 5
iteration: 108
FPS: 5
iteration: 109
FPS: 5
iteration: 110
FPS: 4
iteration: 111
FPS: 5
iteration: 112
FPS: 5
iteration: 113
FPS: 5
iteration: 114
FPS: 5
iteration: 115
FPS: 4
iteration: 116
FPS: 5
iteration: 117
FPS: 5
iteration: 118
FPS: 5
iteration: 119
FPS: 5
iteration: 120
FPS: 5
iteration: 121
FPS: 5
iteration: 122
FPS: 5
iteration: 123
FPS: 5
iteration: 124
FPS: 5
iteration: 125
FPS: 5
iteration: 126
FPS: 5
iteration: 127
FPS: 5
iteration: 128
FPS: 5
iteration: 129
FPS: 5
iteration: 130
FPS: 5
iteration: 131
FPS: 5
iteration: 132
FPS: 5
iteration: 133
FPS: 5
iteration: 134
FPS: 5
iteration: 135
FPS: 5
iteration: 136
FPS: 5
iteration: 137
FPS: 5
iteration: 138
FPS: 5
iteration: 139
FPS: 5
iteration: 140
FPS: 5
iteration: 141
FPS: 5
iteration: 142
FPS: 5
iteration: 143
FPS: 5
iteration: 144
FPS: 5
iteration: 145
FPS: 5
iteration: 146
FPS: 5
iteration: 147
FPS: 5
iteration: 148
FPS: 5
iteration: 149
FPS: 5
iteration: 150
