Ultralytics YOLOv8.1.5 🚀 Python-3.8.10 torch-2.0.1+cu117 CUDA:0 (NVIDIA GeForce RTX 3060, 12044MiB)
[34m[1mengine/trainer: [0mtask=detect, mode=train, model=runs/detect/train2/weights/last.pt, data=../Dataset/data.yaml, epochs=300, time=None, patience=50, batch=16, imgsz=160, save=True, save_period=-1, cache=False, device=None, workers=8, project=None, name=train22, exist_ok=False, pretrained=True, optimizer=auto, verbose=True, seed=0, deterministic=True, single_cls=False, rect=False, cos_lr=False, close_mosaic=10, resume=False, amp=True, fraction=1.0, profile=False, freeze=None, multi_scale=False, overlap_mask=True, mask_ratio=4, dropout=0.0, val=True, split=val, save_json=False, save_hybrid=False, conf=None, iou=0.7, max_det=300, half=False, dnn=False, plots=True, source=None, vid_stride=1, stream_buffer=False, visualize=False, augment=False, agnostic_nms=False, classes=None, retina_masks=False, embed=None, show=False, save_frames=False, save_txt=False, save_conf=False, save_crop=False, show_labels=True, show_conf=True, show_boxes=True, line_width=None, format=torchscript, keras=False, optimize=False, int8=False, dynamic=False, simplify=False, opset=None, workspace=4, nms=False, lr0=0.01, lrf=0.01, momentum=0.937, weight_decay=0.0005, warmup_epochs=3.0, warmup_momentum=0.8, warmup_bias_lr=0.0, box=7.5, cls=0.5, dfl=1.5, pose=12.0, kobj=1.0, label_smoothing=0.0, nbs=64, hsv_h=0.015, hsv_s=0.7, hsv_v=0.4, degrees=0.0, translate=0.1, scale=0.5, shear=0.0, perspective=0.0, flipud=0.0, fliplr=0.5, mosaic=1.0, mixup=0.0, copy_paste=0.0, auto_augment=randaugment, erasing=0.4, crop_fraction=1.0, cfg=None, tracker=botsort.yaml, save_dir=runs/detect/train22
[34m[1mTensorBoard: [0mStart with 'tensorboard --logdir runs/detect/train22', view at http://localhost:6006/

                   from  n    params  module                                       arguments                     
  0                  -1  1       464  ultralytics.nn.modules.conv.Conv             [3, 16, 3, 2]                 
  1                  -1  1      4672  ultralytics.nn.modules.conv.Conv             [16, 32, 3, 2]                
  2                  -1  1      7360  ultralytics.nn.modules.block.C2f             [32, 32, 1, True]             
  3                  -1  1     18560  ultralytics.nn.modules.conv.Conv             [32, 64, 3, 2]                
  4                  -1  2     49664  ultralytics.nn.modules.block.C2f             [64, 64, 2, True]             
  5                  -1  1     73984  ultralytics.nn.modules.conv.Conv             [64, 128, 3, 2]               
  6                  -1  2    197632  ultralytics.nn.modules.block.C2f             [128, 128, 2, True]           
  7                  -1  1    295424  ultralytics.nn.modules.conv.Conv             [128, 256, 3, 2]              
  8                  -1  1    460288  ultralytics.nn.modules.block.C2f             [256, 256, 1, True]           
  9                  -1  1    164608  ultralytics.nn.modules.block.SPPF            [256, 256, 5]                 
 10                  -1  1         0  torch.nn.modules.upsampling.Upsample         [None, 2, 'nearest']          
 11             [-1, 6]  1         0  ultralytics.nn.modules.conv.Concat           [1]                           
 12                  -1  1    148224  ultralytics.nn.modules.block.C2f             [384, 128, 1]                 
 13                  -1  1         0  torch.nn.modules.upsampling.Upsample         [None, 2, 'nearest']          
 14             [-1, 4]  1         0  ultralytics.nn.modules.conv.Concat           [1]                           
 15                  -1  1     37248  ultralytics.nn.modules.block.C2f             [192, 64, 1]                  
 16                  -1  1     36992  ultralytics.nn.modules.conv.Conv             [64, 64, 3, 2]                
 17            [-1, 12]  1         0  ultralytics.nn.modules.conv.Concat           [1]                           
 18                  -1  1    123648  ultralytics.nn.modules.block.C2f             [192, 128, 1]                 
 19                  -1  1    147712  ultralytics.nn.modules.conv.Conv             [128, 128, 3, 2]              
 20             [-1, 9]  1         0  ultralytics.nn.modules.conv.Concat           [1]                           
 21                  -1  1    493056  ultralytics.nn.modules.block.C2f             [384, 256, 1]                 
 22        [15, 18, 21]  1    752677  ultralytics.nn.modules.head.Detect           [7, [64, 128, 256]]           
YOLOv8n summary: 225 layers, 3012213 parameters, 3012197 gradients, 8.2 GFLOPs

Transferred 355/355 items from pretrained weights
Freezing layer 'model.22.dfl.conv.weight'
[34m[1mAMP: [0mrunning Automatic Mixed Precision (AMP) checks with YOLOv8n...
[34m[1mAMP: [0mchecks passed ✅
[34m[1mtrain: [0mScanning /data/Sayyidan/Yolov8/Dataset/labels/train.cache... 7764 images, 17 backgrounds, 2 corrupt: 100%|█████████[0m[34m[1mtrain: [0mScanning /data/Sayyidan/Yolov8/Dataset/labels/train.cache... 7764 images, 17 backgrounds, 2 corrupt: 100%|█████████[0m[34m[1mtrain: [0mWARNING ⚠️ /data/Sayyidan/Yolov8/Dataset/images/train/foto1145-842.jpg: ignoring corrupt image/label: non-normalized or out of bounds coordinates [      1.006]
[34m[1mtrain: [0mWARNING ⚠️ /data/Sayyidan/Yolov8/Dataset/images/train/foto1186-1059.jpg: ignoring corrupt image/label: non-normalized or out of bounds coordinates [     1.0013]
[34m[1mtrain: [0mWARNING ⚠️ /data/Sayyidan/Yolov8/Dataset/images/train/foto19335-5683.jpg: 1 duplicate labels removed
[34m[1mtrain: [0mWARNING ⚠️ /data/Sayyidan/Yolov8/Dataset/images/train/foto19967-6023.jpg: 1 duplicate labels removed

[34m[1mval: [0mScanning /data/Sayyidan/Yolov8/Dataset/labels/val.cache... 200 images, 1 backgrounds, 0 corrupt: 100%|██████████| 200[0m[34m[1mval: [0mScanning /data/Sayyidan/Yolov8/Dataset/labels/val.cache... 200 images, 1 backgrounds, 0 corrupt: 100%|██████████| 200[0m
Plotting labels to runs/detect/train22/labels.jpg... 
[34m[1moptimizer:[0m 'optimizer=auto' found, ignoring 'lr0=0.01' and 'momentum=0.937' and determining best 'optimizer', 'lr0' and 'momentum' automatically... 
[34m[1moptimizer:[0m SGD(lr=0.01, momentum=0.9) with parameter groups 57 weight(decay=0.0), 64 weight(decay=0.0005), 63 bias(decay=0.0)
Traceback (most recent call last):
  File "train-resume.py", line 7, in <module>
    results = model.train(resume=True)
  File "/usr/local/lib/python3.8/dist-packages/ultralytics/engine/model.py", line 391, in train
    self.trainer.train()
  File "/usr/local/lib/python3.8/dist-packages/ultralytics/engine/trainer.py", line 208, in train
    self._do_train(world_size)
  File "/usr/local/lib/python3.8/dist-packages/ultralytics/engine/trainer.py", line 322, in _do_train
    self._setup_train(world_size)
  File "/usr/local/lib/python3.8/dist-packages/ultralytics/engine/trainer.py", line 314, in _setup_train
    self.resume_training(ckpt)
  File "/usr/local/lib/python3.8/dist-packages/ultralytics/engine/trainer.py", line 660, in resume_training
    assert start_epoch > 0, (
AssertionError: runs/detect/train2/weights/last.pt training to 300 epochs is finished, nothing to resume.
Start a new training without resuming, i.e. 'yolo train model=runs/detect/train2/weights/last.pt'
